"../../../../../Uni Work/Game Project/FinalYearProject/Content/FirstPerson/Data/SeedData.uasset" 0
"../../../../../Uni Work/Game Project/FinalYearProject/Content/FirstPerson/Textures/FirstPersonCrosshair.uasset" 1
"../../../../../Uni Work/Game Project/FinalYearProject/Content/FirstPerson/UI/Hotbar.uasset" 2
"../../../../../Uni Work/Game Project/FinalYearProject/Content/FirstPerson/UI/Inventory.uasset" 3
"../../../../../Uni Work/Game Project/FinalYearProject/Content/FirstPerson/UI/RadialMenu/Images/Carrot.uasset" 4
"../../../../../Uni Work/Game Project/FinalYearProject/Content/FirstPerson/UI/RadialMenu/Materials/ItemImage.uasset" 5
"../../../../../Uni Work/Game Project/FinalYearProject/Content/FirstPerson/UI/RadialMenu/Materials/ItemMaterialInstance.uasset" 6
"../../../../../Uni Work/Game Project/FinalYearProject/Content/FirstPerson/UI/InventoryItem.uasset" 7
"../../../../../Uni Work/Game Project/FinalYearProject/Content/FirstPerson/UI/PauseMenu.uasset" 8
"../../../../../Uni Work/Game Project/FinalYearProject/Content/FirstPerson/UI/RadialMenu/Item.uasset" 9
"../../../../../Uni Work/Game Project/FinalYearProject/Content/FirstPerson/UI/RadialMenu/Images/cursor.uasset" 10
"../../../../../Uni Work/Game Project/FinalYearProject/Content/FirstPerson/UI/RadialMenu/Materials/Cursor.uasset" 11
"../../../../../Uni Work/Game Project/FinalYearProject/Content/FirstPerson/UI/RadialMenu/RadialMenu.uasset" 12
"../../../../../Uni Work/Game Project/FinalYearProject/Content/FirstPerson/UI/RadialMenu/RadialHUD.uasset" 13
"../../../../../Uni Work/Game Project/FinalYearProject/Content/FirstPerson/UI/RadialMenu/Images/cabbage.uasset" 14
"../../../../../Uni Work/Game Project/FinalYearProject/Content/FirstPerson/UI/RadialMenu/Images/corn.uasset" 15
"../../../../../Uni Work/Game Project/FinalYearProject/Content/FirstPerson/UI/RadialMenu/Images/mushroom.uasset" 16
"../../../../../Uni Work/Game Project/FinalYearProject/Content/FirstPerson/UI/RadialMenu/Images/Onion.uasset" 17
"../../../../../Uni Work/Game Project/FinalYearProject/Content/FirstPerson/UI/RadialMenu/Images/Pumpkin.uasset" 18
"../../../../../Uni Work/Game Project/FinalYearProject/Content/FirstPerson/UI/RadialMenu/Images/Sunflower.uasset" 19
"../../../../../Uni Work/Game Project/FinalYearProject/Content/FirstPerson/UI/RadialMenu/Images/Tomato.uasset" 20
"../../../../../Uni Work/Game Project/FinalYearProject/Content/FirstPerson/UI/RadialMenu/Images/Turnip.uasset" 21
"../../../../../Uni Work/Game Project/FinalYearProject/Content/FirstPerson/UI/RadialMenu/Images/wheat.uasset" 22
"../../../Engine/Content/Functions/Engine_MaterialFunctions01/Opacity/CameraDepthFade.uasset" 23
"../../../Engine/Content/EngineMaterials/T_Default_Material_Grid_M.uasset" 24
"../../../Engine/Content/EngineMaterials/T_Default_Material_Grid_N.uasset" 25
"../../../Engine/Content/EngineMaterials/WorldGridMaterial.uasset" 26
"../../../Engine/Content/ArtTools/RenderToTexture/Meshes/S_1_Unit_Plane.uasset" 27
"../../../Engine/Content/EngineMaterials/DefaultMaterial.uasset" 28
"../../../Engine/Content/BasicShapes/Cone.uasset" 29
"../../../Engine/Content/BasicShapes/Cube.uasset" 30
"../../../Engine/Content/BasicShapes/Cylinder.uasset" 31
"../../../Engine/Content/BasicShapes/Plane.uasset" 32
"../../../Engine/Content/BasicShapes/Sphere.uasset" 33
"../../../Engine/Content/EngineMaterials/DefaultPhysicalMaterial.uasset" 34
"../../../Engine/Content/BufferVisualization/AmbientOcclusion.uasset" 35
"../../../Engine/Content/BufferVisualization/BaseColor.uasset" 36
"../../../Engine/Content/BufferVisualization/CustomDepth.uasset" 37
"../../../Engine/Content/Functions/Engine_MaterialFunctions02/Utility/VectorLength.uasset" 38
"../../../Engine/Content/BufferVisualization/CustomDepthWorldUnits.uasset" 39
"../../../Engine/Content/Functions/Engine_MaterialFunctions02/Utility/BreakOutFloat2Components.uasset" 40
"../../../Engine/Content/Functions/Engine_MaterialFunctions01/Texturing/ScaleUVsByCenter.uasset" 41
"../../../Engine/Content/Functions/Engine_MaterialFunctions02/ScreenResolution.uasset" 42
"../../../Engine/Content/Functions/Engine_MaterialFunctions02/Texturing/ScreenAlignedUVs.uasset" 43
"../../../Engine/Content/Functions/Engine_MaterialFunctions02/Utility/MakeFloat2.uasset" 44
"../../../Engine/Content/Functions/Engine_MaterialFunctions02/Utility/MakeFloat3.uasset" 45
"../../../Engine/Content/EngineMaterials/MiniFont.uasset" 46
"../../../Engine/Content/BufferVisualization/CustomStencil.uasset" 47
"../../../Engine/Content/BufferVisualization/FinalImage.uasset" 48
"../../../Engine/Content/BufferVisualization/LightingModel.uasset" 49
"../../../Engine/Content/BufferVisualization/MaterialAO.uasset" 50
"../../../Engine/Content/BufferVisualization/Metallic.uasset" 51
"../../../Engine/Content/BufferVisualization/Opacity.uasset" 52
"../../../Engine/Content/BufferVisualization/PostTonemapHDRColor.uasset" 53
"../../../Engine/Content/BufferVisualization/PreTonemapHDRColor.uasset" 54
"../../../Engine/Content/BufferVisualization/Roughness.uasset" 55
"../../../Engine/Content/BufferVisualization/SceneColor.uasset" 56
"../../../Engine/Content/BufferVisualization/SceneDepth.uasset" 57
"../../../Engine/Content/BufferVisualization/SceneDepthWorldUnits.uasset" 58
"../../../Engine/Content/BufferVisualization/SeparateTranslucencyA.uasset" 59
"../../../Engine/Content/BufferVisualization/SeparateTranslucencyRGB.uasset" 60
"../../../Engine/Content/BufferVisualization/Specular.uasset" 61
"../../../Engine/Content/BufferVisualization/SubsurfaceColor.uasset" 62
"../../../Engine/Content/BufferVisualization/Velocity.uasset" 63
"../../../Engine/Content/BufferVisualization/WorldNormal.uasset" 64
"../../../Engine/Content/EditorLandscapeResources/DataLayer.uasset" 65
"../../../Engine/Content/EditorLandscapeResources/DefaultAlphaTexture.uasset" 66
"../../../Engine/Content/EditorLandscapeResources/LandscapeGizmoHeight_Mat.uasset" 67
"../../../Engine/Content/EditorLandscapeResources/LandscapeGizmo_Mat.uasset" 68
"../../../Engine/Content/EditorLandscapeResources/LandscapeGizmo_Mat_Copied.uasset" 69
"../../../Engine/Content/EditorLandscapeResources/SplineEditorMeshMat.uasset" 70
"../../../Engine/Content/EditorLandscapeResources/SplineEditorMesh.uasset" 71
"../../../Engine/Content/EditorMaterials/Cross.uasset" 72
"../../../Engine/Content/EditorMaterials/Cross_Mat.uasset" 73
"../../../Engine/Content/EngineMaterials/DefaultDiffuse.uasset" 74
"../../../Engine/Content/Functions/Engine_MaterialFunctions01/Texturing/TextureCropping.uasset" 75
"../../../Engine/Content/Functions/Engine_MaterialFunctions01/Texturing/ComputeMipLevel.uasset" 76
"../../../Engine/Content/Functions/Engine_MaterialFunctions02/ExampleContent/DebugNumberStrip.uasset" 77
"../../../Engine/Content/Functions/Engine_MaterialFunctions02/ExampleContent/Textures/DebugNumberPeriod.uasset" 78
"../../../Engine/Content/Functions/Engine_MaterialFunctions02/Utility/DebugScalarValues.uasset" 79
"../../../Engine/Content/Functions/Engine_MaterialFunctions02/Utility/DebugFloat2Values.uasset" 80
"../../../Engine/Content/Functions/Engine_MaterialFunctions02/ExampleContent/Textures/flipbook.uasset" 81
"../../../Engine/Content/Functions/Engine_MaterialFunctions02/Texturing/FlipBook.uasset" 82
"../../../Engine/Content/Functions/Engine_MaterialFunctions02/Utility/Sign.uasset" 83
"../../../Engine/Content/Functions/Engine_MaterialFunctions02/Utility/Round.uasset" 84
"../../../Engine/Content/EditorResources/T_EditorHelp.uasset" 85
"../../../Engine/Content/EditorMaterials/HelpActorMaterial.uasset" 86
"../../../Engine/Content/EditorMaterials/CompositeARGBLayer.uasset" 87
"../../../Engine/Content/EditorMaterials/TilingAALineIntegral.uasset" 88
"../../../Engine/Content/EditorMaterials/TilingAALineBoxFiltered.uasset" 89
"../../../Engine/Content/Functions/Engine_MaterialFunctions03/Procedurals/ComputeFilterWidth.uasset" 90
"../../../Engine/Content/EditorMaterials/TilingAADots.uasset" 91
"../../../Engine/Content/EngineMaterials/BlendFunc_DefBase.uasset" 92
"../../../Engine/Content/EngineMaterials/BlendFunc_DefBlend.uasset" 93
"../../../Engine/Content/Functions/Engine_MaterialFunctions03/Blends/Blend_Screen.uasset" 94
"../../../Engine/Content/EditorMaterials/TilingAAGrid.uasset" 95
"../../../Engine/Content/EditorMaterials/LevelGridMaterial.uasset" 96
"../../../Engine/Content/EditorMaterials/MakeCompositeARGBLayer.uasset" 97
"../../../Engine/Content/EditorResources/LevelGrid1DStripes.uasset" 98
"../../../Engine/Content/EditorMaterials/TextureGridCascaded1D.uasset" 99
"../../../Engine/Content/EditorMaterials/TextureGridCascaded2D.uasset" 100
"../../../Engine/Content/EditorMaterials/LevelGridMaterial2.uasset" 101
"../../../Engine/Content/EditorMaterials/MAT_Groups_Toggle.uasset" 102
"../../../Engine/Content/EditorMaterials/MAT_Groups_Visibility.uasset" 103
"../../../Engine/Content/EditorMaterials/PhAT_BoneSelectedMaterial.uasset" 104
"../../../Engine/Content/EditorMaterials/PhAT_ElemSelectedMaterial.uasset" 105
"../../../Engine/Content/EditorMaterials/PhAT_NoCollisionMaterial.uasset" 106
"../../../Engine/Content/EditorMaterials/PhAT_UnselectedMaterial.uasset" 107
"../../../Engine/Content/EditorMaterials/PreviewShadowIndicator.uasset" 108
"../../../Engine/Content/EditorMaterials/PreviewShadowIndicatorMaterial.uasset" 109
"../../../Engine/Content/EditorMaterials/TargetIcon.uasset" 110
"../../../Engine/Content/EditorMaterials/Tick.uasset" 111
"../../../Engine/Content/EditorMaterials/Tick_Mat.uasset" 112
"../../../Engine/Content/EditorMaterials/WidgetGridVertexColorMaterial.uasset" 113
"../../../Engine/Content/EditorMaterials/WidgetGridVertexColorMaterial_Ma.uasset" 114
"../../../Engine/Content/EditorMaterials/WidgetMaterial.uasset" 115
"../../../Engine/Content/EditorMaterials/WidgetMaterial_Current.uasset" 116
"../../../Engine/Content/EditorMaterials/WidgetMaterial_X.uasset" 117
"../../../Engine/Content/EditorMaterials/WidgetMaterial_Y.uasset" 118
"../../../Engine/Content/EditorMaterials/WidgetMaterial_Z.uasset" 119
"../../../Engine/Content/EditorMaterials/WidgetVertexColorMaterial.uasset" 120
"../../../Engine/Content/EditorMaterials/MatineeGroups/MAT_ColorTrack.uasset" 121
"../../../Engine/Content/EditorMaterials/MatineeGroups/MAT_Groups_Anim.uasset" 122
"../../../Engine/Content/EditorMaterials/MatineeGroups/MAT_Groups_AudioMaster.uasset" 123
"../../../Engine/Content/EditorMaterials/MatineeGroups/MAT_Groups_Director.uasset" 124
"../../../Engine/Content/EditorMaterials/MatineeGroups/MAT_Groups_Event.uasset" 125
"../../../Engine/Content/EditorMaterials/MatineeGroups/MAT_Groups_Fade.uasset" 126
"../../../Engine/Content/EditorMaterials/MatineeGroups/MAT_Groups_Float.uasset" 127
"../../../Engine/Content/EditorMaterials/MatineeGroups/MAT_Groups_Move.uasset" 128
"../../../Engine/Content/EditorMaterials/MatineeGroups/MAT_Groups_Slomo.uasset" 129
"../../../Engine/Content/EditorMaterials/MatineeGroups/MAT_Groups_Sound.uasset" 130
"../../../Engine/Content/EditorMaterials/MatineeGroups/MAT_Groups_Vector.uasset" 131
"../../../Engine/Content/EditorMaterials/ParticleSystems/PSysThumbnail_NoImage.uasset" 132
"../../../Engine/Content/EditorMaterials/ParticleSystems/PSysThumbnail_OOD.uasset" 133
"../../../Engine/Content/EngineMaterials/Grid.uasset" 134
"../../../Engine/Content/EditorMaterials/Thumbnails/FloorPlaneMaterial.uasset" 135
"../../../Engine/Content/EditorMeshes/EditorCube.uasset" 136
"../../../Engine/Content/EditorMeshes/EditorCylinder.uasset" 137
"../../../Engine/Content/EditorMeshes/EditorPlane.uasset" 138
"../../../Engine/Content/EditorMaterials/Thumbnails/SkySphereMaterial.uasset" 139
"../../../Engine/Content/EditorMeshes/EditorSkySphere.uasset" 140
"../../../Engine/Content/EditorMeshes/EditorSphere.uasset" 141
"../../../Engine/Content/EditorResources/MatineeCam_D.uasset" 142
"../../../Engine/Content/EditorMaterials/MatineeCam_mat.uasset" 143
"../../../Engine/Content/EditorMeshes/MatineeCam_SM.uasset" 144
"../../../Engine/Content/EditorMeshes/PlanarReflectionPlane.uasset" 145
"../../../Engine/Content/EditorMaterials/Camera/CineMat.uasset" 146
"../../../Engine/Content/EditorMaterials/Camera/MI_CineMat_CameraBody.uasset" 147
"../../../Engine/Content/EngineDebugMaterials/M_SimpleOpaque.uasset" 148
"../../../Engine/Content/EditorMaterials/Camera/MI_CineMat_CamViewFinder.uasset" 149
"../../../Engine/Content/EditorMeshes/Camera/SM_CineCam.uasset" 150
"../../../Engine/Content/EditorMaterials/Camera/MI_CineMat_Rig.uasset" 151
"../../../Engine/Content/EditorMeshes/Camera/SM_CraneRig_Arm.uasset" 152
"../../../Engine/Content/EditorMeshes/Camera/SM_CraneRig_Base.uasset" 153
"../../../Engine/Content/EditorMeshes/Camera/SM_CraneRig_Body.uasset" 154
"../../../Engine/Content/EditorMeshes/Camera/SM_CraneRig_Mount.uasset" 155
"../../../Engine/Content/EditorMeshes/Camera/SM_RailRig_Mount.uasset" 156
"../../../Engine/Content/EditorMeshes/Camera/SM_RailRig_Track.uasset" 157
"../../../Engine/Content/EditorMeshes/ColorCalibrator/M_ChromeBall.uasset" 158
"../../../Engine/Content/EditorResources/Bad.uasset" 159
"../../../Engine/Content/EditorResources/BSPVertex.uasset" 160
"../../../Engine/Content/EditorResources/EmptyActor.uasset" 161
"../../../Engine/Content/EditorResources/MatInstActSprite.uasset" 162
"../../../Engine/Content/EditorResources/SceneManager.uasset" 163
"../../../Engine/Content/EditorResources/SmallFont.uasset" 164
"../../../Engine/Content/EditorResources/S_Actor.uasset" 165
"../../../Engine/Content/EditorResources/S_DecalActorIcon.uasset" 166
"../../../Engine/Content/EditorResources/S_Emitter.uasset" 167
"../../../Engine/Content/EditorResources/S_ExpoHeightFog.uasset" 168
"../../../Engine/Content/EditorResources/S_FTest.uasset" 169
"../../../Engine/Content/EditorResources/S_KBSJoint.uasset" 170
"../../../Engine/Content/EditorResources/S_KHinge.uasset" 171
"../../../Engine/Content/EditorResources/S_KPrismatic.uasset" 172
"../../../Engine/Content/EditorResources/S_LevelSequence.uasset" 173
"../../../Engine/Content/EditorResources/S_NavP.uasset" 174
"../../../Engine/Content/EditorResources/S_Note.uasset" 175
"../../../Engine/Content/EditorResources/S_Player.uasset" 176
"../../../Engine/Content/EditorResources/S_PortalActorIcon2.uasset" 177
"../../../Engine/Content/EditorResources/S_RadForce.uasset" 178
"../../../Engine/Content/EditorResources/S_ReflActorIcon.uasset" 179
"../../../Engine/Content/EditorResources/S_SkyAtmosphere.uasset" 180
"../../../Engine/Content/EditorResources/S_Solver.uasset" 181
"../../../Engine/Content/EditorResources/S_Terrain.uasset" 182
"../../../Engine/Content/EditorResources/S_TextRenderActorIcon.uasset" 183
"../../../Engine/Content/EditorResources/S_Thruster.uasset" 184
"../../../Engine/Content/EditorResources/S_Trigger.uasset" 185
"../../../Engine/Content/EditorResources/S_VectorFieldVol.uasset" 186
"../../../Engine/Content/EditorResources/S_WindDirectional.uasset" 187
"../../../Engine/Content/EditorResources/AI/S_NavLink.uasset" 188
"../../../Engine/Content/EditorResources/LightIcons/SkyLight.uasset" 189
"../../../Engine/Content/EditorResources/LightIcons/S_LightDirectional.uasset" 190
"../../../Engine/Content/EditorResources/LightIcons/S_LightDirectionalMove.uasset" 191
"../../../Engine/Content/EditorResources/LightIcons/S_LightError.uasset" 192
"../../../Engine/Content/EditorResources/LightIcons/S_LightPoint.uasset" 193
"../../../Engine/Content/EditorResources/LightIcons/S_LightPointMove.uasset" 194
"../../../Engine/Content/EditorResources/LightIcons/S_LightSpot.uasset" 195
"../../../Engine/Content/EditorResources/LightIcons/S_LightSpotMove.uasset" 196
"../../../Engine/Content/EditorResources/SequenceRecorder/Countdown.uasset" 197
"../../../Engine/Content/EditorResources/SequenceRecorder/RecordingIndicator.uasset" 198
"../../../Engine/Content/EditorResources/Spline/T_Loft_Spline.uasset" 199
"../../../Engine/Content/EditorSounds/Notifications/CompileFailed.uasset" 200
"../../../Engine/Content/EditorSounds/Notifications/CompileFailed_Cue.uasset" 201
"../../../Engine/Content/EditorSounds/Notifications/CompileSuccess.uasset" 202
"../../../Engine/Content/EditorSounds/Notifications/CompileStart_Cue.uasset" 203
"../../../Engine/Content/EditorSounds/Notifications/CompileSuccess_Cue.uasset" 204
"../../../Engine/Content/EngineDamageTypes/DmgTypeBP_Environmental.uasset" 205
"../../../Engine/Content/EngineDebugMaterials/HeatmapGradient.uasset" 206
"../../../Engine/Content/EngineDebugMaterials/BoneWeightMaterial.uasset" 207
"../../../Engine/Content/EngineDebugMaterials/ClothMaterial.uasset" 208
"../../../Engine/Content/EngineDebugMaterials/ClothMaterial_WF.uasset" 209
"../../../Engine/Content/EngineDebugMaterials/DebugEditorMaterial.uasset" 210
"../../../Engine/Content/EngineDebugMaterials/DebugMeshMaterial.uasset" 211
"../../../Engine/Content/EngineDebugMaterials/GeomMaterial.uasset" 212
"../../../Engine/Content/Functions/Engine_MaterialFunctions01/Shading/ConvertFromDiffSpec.uasset" 213
"../../../Engine/Content/EngineDebugMaterials/LevelColorationLitMaterial.uasset" 214
"../../../Engine/Content/EngineDebugMaterials/LevelColorationUnlitMaterial.uasset" 215
"../../../Engine/Content/EngineMaterials/DefaultWhiteGrid.uasset" 216
"../../../Engine/Content/EngineDebugMaterials/MAT_LevelColorationLitLightmapUV.uasset" 217
"../../../Engine/Content/EngineDebugMaterials/M_SimpleTranslucent.uasset" 218
"../../../Engine/Content/Functions/Engine_MaterialFunctions02/Utility/CameraDirectionVector.uasset" 219
"../../../Engine/Content/EngineDebugMaterials/VolumeToRender.uasset" 220
"../../../Engine/Content/EngineDebugMaterials/M_VolumeRenderSphereTracePP.uasset" 221
"../../../Engine/Content/EngineDebugMaterials/ShadedLevelColorationLitMaterial.uasset" 222
"../../../Engine/Content/EngineDebugMaterials/ShadedLevelColorationUnlitMateri.uasset" 223
"../../../Engine/Content/EngineDebugMaterials/VertexColorMaterial.uasset" 224
"../../../Engine/Content/EngineDebugMaterials/VertexColorViewMode_AlphaAsColor.uasset" 225
"../../../Engine/Content/EngineDebugMaterials/VertexColorViewMode_BlueOnly.uasset" 226
"../../../Engine/Content/EngineDebugMaterials/VertexColorViewMode_ColorOnly.uasset" 227
"../../../Engine/Content/EngineDebugMaterials/VertexColorViewMode_GreenOnly.uasset" 228
"../../../Engine/Content/EngineDebugMaterials/VertexColorViewMode_RedOnly.uasset" 229
"../../../Engine/Content/EngineDebugMaterials/WireframeMaterial.uasset" 230
"../../../Engine/Content/EngineFonts/Faces/DroidSansFallback.uasset" 231
"../../../Engine/Content/EngineFonts/Faces/RobotoBold.uasset" 232
"../../../Engine/Content/EngineFonts/Faces/RobotoBoldItalic.uasset" 233
"../../../Engine/Content/EngineFonts/Faces/RobotoItalic.uasset" 234
"../../../Engine/Content/EngineFonts/Faces/RobotoLight.uasset" 235
"../../../Engine/Content/EngineFonts/Faces/RobotoRegular.uasset" 236
"../../../Engine/Content/EngineFonts/Roboto.uasset" 237
"../../../Engine/Content/EngineFonts/Faces/RobotoTiny.uasset" 238
"../../../Engine/Content/EngineFonts/RobotoTiny.uasset" 239
"../../../Engine/Content/EngineFonts/SmallFont.uasset" 240
"../../../Engine/Content/EngineFonts/TinyFont.uasset" 241
"../../../Engine/Content/EngineMaterials/BaseFlattenDiffuseMap.uasset" 242
"../../../Engine/Content/EngineMaterials/BaseFlattenEmissiveMap.uasset" 243
"../../../Engine/Content/EngineMaterials/BaseFlattenGrayscaleMap.uasset" 244
"../../../Engine/Content/EngineMaterials/BaseFlattenNormalMap.uasset" 245
"../../../Engine/Content/EngineMaterials/BaseFlattenMaterial.uasset" 246
"../../../Engine/Content/EngineResources/WhiteSquareTexture.uasset" 247
"../../../Engine/Content/EngineMaterials/BlinkingCaret.uasset" 248
"../../../Engine/Content/EngineMaterials/BlueNoise.uasset" 249
"../../../Engine/Content/EngineMaterials/DefaultBloomKernel.uasset" 250
"../../../Engine/Content/EngineMaterials/DefaultBokeh.uasset" 251
"../../../Engine/Content/EngineMaterials/DefaultDeferredDecalMaterial.uasset" 252
"../../../Engine/Content/EngineMaterials/DefaultLightFunctionMaterial.uasset" 253
"../../../Engine/Content/EngineMaterials/DefaultNormal.uasset" 254
"../../../Engine/Content/EngineMaterials/DefaultPostProcessMaterial.uasset" 255
"../../../Engine/Content/EngineFonts/RobotoDistanceField.uasset" 256
"../../../Engine/Content/EngineMaterials/DefaultTextMaterialOpaque.uasset" 257
"../../../Engine/Content/EngineMaterials/DefaultVirtualTextureMaterial.uasset" 258
"../../../Engine/Content/EngineMaterials/EditorBrushMaterial.uasset" 259
"../../../Engine/Content/EngineMaterials/DefaultWhiteGrid_Low.uasset" 260
"../../../Engine/Content/EngineMaterials/EmissiveMeshMaterial.uasset" 261
"../../../Engine/Content/EngineMaterials/GizmoMaterial.uasset" 262
"../../../Engine/Content/EngineMaterials/Good64x64TilingNoiseHighFreq.uasset" 263
"../../../Engine/Content/EngineMaterials/Grid_N.uasset" 264
"../../../Engine/Content/EngineMaterials/HairColorMap.uasset" 265
"../../../Engine/Content/EngineMaterials/HairDebugColor.uasset" 266
"../../../Engine/Content/EngineMaterials/HairDebugMaterial.uasset" 267
"../../../Engine/Content/EngineMaterials/HairDefaultMaterial.uasset" 268
"../../../Engine/Content/EngineMaterials/HighResolutionScreenshotMaskFunction.uasset" 269
"../../../Engine/Content/EngineMaterials/HighResScreenshot.uasset" 270
"../../../Engine/Content/EngineMaterials/HighResScreenshotCaptureRegion.uasset" 271
"../../../Engine/Content/EngineMaterials/HighResScreenshotMask.uasset" 272
"../../../Engine/Content/EngineMaterials/LandscapeHolePhysicalMaterial.uasset" 273
"../../../Engine/Content/EngineMaterials/InvalidLightmapSettings.uasset" 274
"../../../Engine/Content/EngineMaterials/M_InvalidLightmapSettings.uasset" 275
"../../../Engine/Content/EngineMaterials/PaperDiffuse.uasset" 276
"../../../Engine/Content/EngineMaterials/PaperNormal.uasset" 277
"../../../Engine/Content/Functions/Engine_MaterialFunctions02/WorldPositionOffset/CameraOffset.uasset" 278
"../../../Engine/Content/EngineMaterials/PhAT_JointLimitMaterial.uasset" 279
"../../../Engine/Content/EngineMaterials/PhysMat_Rubber.uasset" 280
"../../../Engine/Content/EngineMaterials/PreintegratedSkinBRDF.uasset" 281
"../../../Engine/Content/EngineMaterials/RemoveSurfaceMaterial.uasset" 282
"../../../Engine/Content/EngineMaterials/WeightMapPlaceholderTexture.uasset" 283
"../../../Engine/Content/Functions/Engine_MaterialFunctions01/ImageAdjustment/sRGBToLinear.uasset" 284
"../../../Engine/Content/Functions/Engine_MaterialFunctions02/Utility/BreakOutFloat3Components.uasset" 285
"../../../Engine/Content/EngineMaterials/Widget3DCameraPassThrough_Opaque_OneSided.uasset" 286
"../../../Engine/Content/EngineMaterials/Widget3DPassThrough.uasset" 287
"../../../Engine/Content/EngineMaterials/Widget3DPassThrough_Masked.uasset" 288
"../../../Engine/Content/EngineMaterials/Widget3DPassThrough_Opaque.uasset" 289
"../../../Engine/Content/EngineMaterials/Widget3DPassThrough_Masked_OneSided.uasset" 290
"../../../Engine/Content/EngineMaterials/Widget3DPassThrough_Opaque_OneSided.uasset" 291
"../../../Engine/Content/EngineMaterials/Widget3DPassThrough_Translucent.uasset" 292
"../../../Engine/Content/EngineMaterials/Widget3DPassThrough_Translucent_OneSided.uasset" 293
"../../../Engine/Content/EngineMeshes/Cylinder.uasset" 294
"../../../Engine/Content/EngineMeshes/Sphere.uasset" 295
"../../../Engine/Content/EngineResources/Black.uasset" 296
"../../../Engine/Content/EngineResources/DefaultTexture.uasset" 297
"../../../Engine/Content/EngineResources/DefaultTextureCube.uasset" 298
"../../../Engine/Content/EngineResources/DefaultVolumeTexture2D.uasset" 299
"../../../Engine/Content/EngineResources/DefaultVolumeTexture.uasset" 300
"../../../Engine/Content/EngineResources/GradientTexture0.uasset" 301
"../../../Engine/Content/EngineResources/StreamingPauseIcon.uasset" 302
"../../../Engine/Content/EngineResources/M_StreamingPause.uasset" 303
"../../../Engine/Content/EngineSounds/Master.uasset" 304
"../../../Engine/Content/Functions/Engine_MaterialFunctions01/Shading/PowerToRoughness.uasset" 305
"../../../Engine/Content/Maps/Templates/Thumbnails/Default.uasset" 306
"../../../Engine/Content/Maps/Templates/Thumbnails/TimeOfDay.uasset" 307
"../../../Engine/Content/Maps/Templates/Thumbnails/VR-Basic.uasset" 308
"../../../Engine/Content/MapTemplates/Sky/DaylightAmbientCubemap.uasset" 309
"../../../Engine/Content/MobileResources/T_MobileControls_texture.uasset" 310
"../../../Engine/Content/MobileResources/T_MobileMenu2.uasset" 311
"../../../Engine/Content/MobileResources/HUD/AnalogHat.uasset" 312
"../../../Engine/Content/MobileResources/HUD/VirtualJoystick_Background.uasset" 313
"../../../Engine/Content/MobileResources/HUD/VirtualJoystick_Thumb.uasset" 314
"../../../Engine/Content/MobileResources/HUD/DefaultVirtualJoysticks.uasset" 315
"../../../Engine/Content/MobileResources/HUD/LeftVirtualJoystickOnly.uasset" 316
"../../../Engine/Content/MobileResources/HUD/MobileHUDButton1_off.uasset" 317
"../../../Engine/Content/MobileResources/HUD/MobileHUDButton1_on.uasset" 318
"../../../Engine/Content/MobileResources/HUD/MobileHUDButton2_off.uasset" 319
"../../../Engine/Content/MobileResources/HUD/MobileHUDButton2_on.uasset" 320
"../../../Engine/Content/MobileResources/HUD/MobileHUDButton3.uasset" 321
"../../../Engine/Content/MobileResources/HUD/MobileHUDButtonFire.uasset" 322
"../../../Engine/Content/MobileResources/HUD/MobileHUDDirectionPad.uasset" 323
"../../../Engine/Content/MobileResources/HUD/MobileHUDDirectionPad2.uasset" 324
"../../../Engine/Content/MobileResources/HUD/MobileHUDDirectionPad3.uasset" 325
"../../../Engine/Content/MobileResources/HUD/MobileHUDDirectionStick.uasset" 326
"../../../Engine/Content/MobileResources/HUD/T_Castle_ThumbstickInner.uasset" 327
"../../../Engine/Content/MobileResources/HUD/T_Castle_ThumbstickOutter.uasset" 328
"../../../Engine/Content/Tutorial/ContentIntroCurve.uasset" 329
"../../../Engine/Content/Tutorial/Basics/LevelEditorAttract.uasset" 330
"../../../Engine/Content/Tutorial/Basics/TutorialAssets/icon_tab_Levels_40x.uasset" 331
"../../../Engine/Content/Tutorial/Basics/LevelEditorOverview.uasset" 332
"../../../Engine/Content/Tutorial/BlueprintTutorials/TutorialAssets/Blueprint_64x.uasset" 333
"../../../Engine/Content/Tutorial/BlueprintTutorials/BlueprintEditorTutorial.uasset" 334
"../../../Engine/Content/Tutorial/Foliage/TutorialAssets/Foliage.uasset" 335
"../../../Engine/Content/Tutorial/Foliage/Foliage_Intro_Tutorial.uasset" 336
"../../../Engine/Content/Tutorial/Foliage/Foliage_Settings_Tutorial.uasset" 337
"../../../Engine/Content/Tutorial/Foliage/Foliage_Using_The_Tool_Tutorial.uasset" 338
"../../../Engine/Content/VREditor/LaserPointer/VR_LaserPower_01.uasset" 339
"../../../Engine/Content/VREditor/TransformGizmo/TransformGizmoMaterial.uasset" 340
"../../../Engine/Content/VREditor/TransformGizmo/TranslucentTransformGizmoMaterial.uasset" 341
"../../../Engine/Content/VREditor/TransformGizmo/BoundingBoxCorner.uasset" 342
"../../../Engine/Content/VREditor/TransformGizmo/BoundingBoxEdge.uasset" 343
"../../../Engine/Content/VREditor/TransformGizmo/PlaneTranslationHandle.uasset" 344
"../../../Engine/Content/VREditor/TransformGizmo/Main.uasset" 345
"../../../Engine/Content/VREditor/TransformGizmo/Xray.uasset" 346
"../../../Engine/Content/VREditor/TransformGizmo/SM_Sequencer_Key.uasset" 347
"../../../Engine/Content/VREditor/TransformGizmo/SM_Sequencer_Node.uasset" 348
"../../../Engine/Content/Animation/DefaultAnimCurveCompressionSettings.uasset" 349
"../../../../../Uni Work/Game Project/FinalYearProject/Content/FirstPersonCPP/Maps/FirstPersonExampleMap.uasset" 350
"../../../../../Uni Work/Game Project/FinalYearProject/Content/Geometry/Meshes/GridHighlight.uasset" 351
"../../../../../Uni Work/Game Project/FinalYearProject/Content/Geometry/Meshes/Highlight.uasset" 352
"../../../../../Uni Work/Game Project/FinalYearProject/Content/LowPolyFarm/Textures/Texture_01.uasset" 353
"../../../../../Uni Work/Game Project/FinalYearProject/Content/Geometry/Meshes/Dirt.uasset" 354
"../../../../../Uni Work/Game Project/FinalYearProject/Content/LowPolyFarm/Meshes/Landscape/Mesh_Landscape_Mud_02.uasset" 355
"../../../../../Uni Work/Game Project/FinalYearProject/Content/LowPolyFarm/Meshes/Landscape/Mesh_Landscape_Mud_05.uasset" 356
"../../../../../Uni Work/Game Project/FinalYearProject/Content/LowPolyFarm/Materials/M_LowPolyFarm_MAIN.uasset" 357
"../../../../../Uni Work/Game Project/FinalYearProject/Content/LowPolyFarm/Meshes/Plants/Mesh_Plants_AppleTree_01.uasset" 358
"../../../../../Uni Work/Game Project/FinalYearProject/Content/LowPolyFarm/Meshes/Plants/Mesh_Plants_AppleTree_02.uasset" 359
"../../../../../Uni Work/Game Project/FinalYearProject/Content/LowPolyFarm/Meshes/Plants/Mesh_Plants_AppleTree_03.uasset" 360
"../../../../../Uni Work/Game Project/FinalYearProject/Content/LowPolyFarm/Meshes/Plants/Mesh_Plants_AppleTree_04.uasset" 361
"../../../../../Uni Work/Game Project/FinalYearProject/Content/LowPolyFarm/Meshes/Plants/Mesh_Plants_Apple_01.uasset" 362
"../../../../../Uni Work/Game Project/FinalYearProject/Content/LowPolyFarm/Meshes/Plants/Mesh_Plants_Apple_02.uasset" 363
"../../../../../Uni Work/Game Project/FinalYearProject/Content/LowPolyFarm/Meshes/Plants/Mesh_Plants_Banana_01.uasset" 364
"../../../../../Uni Work/Game Project/FinalYearProject/Content/LowPolyFarm/Meshes/Plants/Mesh_Plants_Cabbage_01.uasset" 365
"../../../../../Uni Work/Game Project/FinalYearProject/Content/LowPolyFarm/Meshes/Plants/Mesh_Plants_Cabbage_02.uasset" 366
"../../../../../Uni Work/Game Project/FinalYearProject/Content/LowPolyFarm/Meshes/Plants/Mesh_Plants_Cabbage_03.uasset" 367
"../../../../../Uni Work/Game Project/FinalYearProject/Content/LowPolyFarm/Meshes/Plants/Mesh_Plants_Cabbage_04.uasset" 368
"../../../../../Uni Work/Game Project/FinalYearProject/Content/LowPolyFarm/Meshes/Plants/Mesh_Plants_Carrot_01.uasset" 369
"../../../../../Uni Work/Game Project/FinalYearProject/Content/LowPolyFarm/Meshes/Plants/Mesh_Plants_CornPlant_01.uasset" 370
"../../../../../Uni Work/Game Project/FinalYearProject/Content/LowPolyFarm/Meshes/Plants/Mesh_Plants_CornPlant_02.uasset" 371
"../../../../../Uni Work/Game Project/FinalYearProject/Content/LowPolyFarm/Meshes/Plants/Mesh_Plants_CornPlant_03.uasset" 372
"../../../../../Uni Work/Game Project/FinalYearProject/Content/LowPolyFarm/Meshes/Plants/Mesh_Plants_CornPlant_04.uasset" 373
"../../../../../Uni Work/Game Project/FinalYearProject/Content/LowPolyFarm/Meshes/Plants/Mesh_Plants_Corn_01.uasset" 374
"../../../../../Uni Work/Game Project/FinalYearProject/Content/LowPolyFarm/Meshes/Plants/Mesh_Plants_Corn_02.uasset" 375
"../../../../../Uni Work/Game Project/FinalYearProject/Content/LowPolyFarm/Meshes/Plants/Mesh_Plants_Corn_03.uasset" 376
"../../../../../Uni Work/Game Project/FinalYearProject/Content/LowPolyFarm/Meshes/Plants/Mesh_Plants_Corn_04.uasset" 377
"../../../../../Uni Work/Game Project/FinalYearProject/Content/LowPolyFarm/Meshes/Plants/Mesh_Plants_Cucumber_01.uasset" 378
"../../../../../Uni Work/Game Project/FinalYearProject/Content/LowPolyFarm/Meshes/Plants/Mesh_Plants_Cucumber_02.uasset" 379
"../../../../../Uni Work/Game Project/FinalYearProject/Content/LowPolyFarm/Meshes/Plants/Mesh_Plants_Cucumber_03.uasset" 380
"../../../../../Uni Work/Game Project/FinalYearProject/Content/LowPolyFarm/Meshes/Plants/Mesh_Plants_Eggplant_01.uasset" 381
"../../../../../Uni Work/Game Project/FinalYearProject/Content/LowPolyFarm/Meshes/Plants/Mesh_Plants_Garlic_01.uasset" 382
"../../../../../Uni Work/Game Project/FinalYearProject/Content/LowPolyFarm/Meshes/Plants/Mesh_Plants_GrapePlant_01.uasset" 383
"../../../../../Uni Work/Game Project/FinalYearProject/Content/LowPolyFarm/Meshes/Plants/Mesh_Plants_GrapePlant_02.uasset" 384
"../../../../../Uni Work/Game Project/FinalYearProject/Content/LowPolyFarm/Meshes/Plants/Mesh_Plants_Grape_01.uasset" 385
"../../../../../Uni Work/Game Project/FinalYearProject/Content/LowPolyFarm/Meshes/Plants/Mesh_Plants_Grape_02.uasset" 386
"../../../../../Uni Work/Game Project/FinalYearProject/Content/LowPolyFarm/Meshes/Plants/Mesh_Plants_Millet_01.uasset" 387
"../../../../../Uni Work/Game Project/FinalYearProject/Content/LowPolyFarm/Meshes/Plants/Mesh_Plants_Millet_02.uasset" 388
"../../../../../Uni Work/Game Project/FinalYearProject/Content/LowPolyFarm/Meshes/Plants/Mesh_Plants_Millet_03.uasset" 389
"../../../../../Uni Work/Game Project/FinalYearProject/Content/LowPolyFarm/Meshes/Plants/Mesh_Plants_Mushroom_04.uasset" 390
"../../../../../Uni Work/Game Project/FinalYearProject/Content/LowPolyFarm/Meshes/Plants/Mesh_Plants_Mushroom_05.uasset" 391
"../../../../../Uni Work/Game Project/FinalYearProject/Content/LowPolyFarm/Meshes/Plants/Mesh_Plants_Onion_01.uasset" 392
"../../../../../Uni Work/Game Project/FinalYearProject/Content/LowPolyFarm/Meshes/Plants/Mesh_Plants_Orange_01.uasset" 393
"../../../../../Uni Work/Game Project/FinalYearProject/Content/LowPolyFarm/Meshes/Plants/Mesh_Plants_Orange_02.uasset" 394
"../../../../../Uni Work/Game Project/FinalYearProject/Content/LowPolyFarm/Meshes/Plants/Mesh_Plants_Pear_01.uasset" 395
"../../../../../Uni Work/Game Project/FinalYearProject/Content/LowPolyFarm/Meshes/Plants/Mesh_Plants_PepperPlant_01.uasset" 396
"../../../../../Uni Work/Game Project/FinalYearProject/Content/LowPolyFarm/Meshes/Plants/Mesh_Plants_PepperPlant_02.uasset" 397
"../../../../../Uni Work/Game Project/FinalYearProject/Content/LowPolyFarm/Meshes/Plants/Mesh_Plants_PepperPlant_03.uasset" 398
"../../../../../Uni Work/Game Project/FinalYearProject/Content/LowPolyFarm/Meshes/Plants/Mesh_Plants_PepperPlant_04.uasset" 399
"../../../../../Uni Work/Game Project/FinalYearProject/Content/LowPolyFarm/Meshes/Plants/Mesh_Plants_Pepper_01.uasset" 400
"../../../../../Uni Work/Game Project/FinalYearProject/Content/LowPolyFarm/Meshes/Plants/Mesh_Plants_Pepper_02.uasset" 401
"../../../../../Uni Work/Game Project/FinalYearProject/Content/LowPolyFarm/Meshes/Plants/Mesh_Plants_Pineapple_01.uasset" 402
"../../../../../Uni Work/Game Project/FinalYearProject/Content/LowPolyFarm/Meshes/Plants/Mesh_Plants_Pumpkin_01.uasset" 403
"../../../../../Uni Work/Game Project/FinalYearProject/Content/LowPolyFarm/Meshes/Plants/Mesh_Plants_Pumpkin_02.uasset" 404
"../../../../../Uni Work/Game Project/FinalYearProject/Content/LowPolyFarm/Meshes/Plants/Mesh_Plants_Pumpkin_03.uasset" 405
"../../../../../Uni Work/Game Project/FinalYearProject/Content/LowPolyFarm/Meshes/Plants/Mesh_Plants_Sunflower_01.uasset" 406
"../../../../../Uni Work/Game Project/FinalYearProject/Content/LowPolyFarm/Meshes/Plants/Mesh_Plants_Sunflower_02.uasset" 407
"../../../../../Uni Work/Game Project/FinalYearProject/Content/LowPolyFarm/Meshes/Plants/Mesh_Plants_TomatoPlant_01.uasset" 408
"../../../../../Uni Work/Game Project/FinalYearProject/Content/LowPolyFarm/Meshes/Plants/Mesh_Plants_TomatoPlant_02.uasset" 409
"../../../../../Uni Work/Game Project/FinalYearProject/Content/LowPolyFarm/Meshes/Plants/Mesh_Plants_Tomato_01.uasset" 410
"../../../../../Uni Work/Game Project/FinalYearProject/Content/LowPolyFarm/Meshes/Plants/Mesh_Plants_Tomato_02.uasset" 411
"../../../../../Uni Work/Game Project/FinalYearProject/Content/LowPolyFarm/Meshes/Plants/Mesh_Plants_Tomato_03.uasset" 412
"../../../../../Uni Work/Game Project/FinalYearProject/Content/LowPolyFarm/Meshes/Plants/Mesh_Plants_Turnip_01.uasset" 413
"../../../../../Uni Work/Game Project/FinalYearProject/Content/LowPolyFarm/Meshes/Plants/Mesh_Plants_Watermelon_01.uasset" 414
"../../../../../Uni Work/Game Project/FinalYearProject/Content/LowPolyFarm/Meshes/Plants/Mesh_Plants_Watermelon_02.uasset" 415
"../../../../../Uni Work/Game Project/FinalYearProject/Content/LowPolyFarm/Meshes/Props/Mesh_Props_Rake_01.uasset" 416
"../../../../../Uni Work/Game Project/FinalYearProject/Content/LowPolyFarm/Meshes/Props/Mesh_Props_WateringCan_02.uasset" 417
"../../Plugins/2D/Paper2D/Content/PlaceholderTextures/DummySpriteTexture.uasset" 418
"../../Plugins/2D/Paper2D/Content/DummySprite.uasset" 419
"../../Plugins/2D/Paper2D/Content/DefaultPaperTerrainMaterial.uasset" 420
"../../Plugins/2D/Paper2D/Content/DefaultSpriteMaterial.uasset" 421
"../../Plugins/2D/Paper2D/Content/MaskedUnlitSpriteMaterial.uasset" 422
"../../Plugins/2D/Paper2D/Content/OpaqueUnlitSpriteMaterial.uasset" 423
"../../../Engine/Content/Functions/Engine_MaterialFunctions02/Utility/BreakOutFloat4Components.uasset" 424
"../../Plugins/Runtime/Oculus/OculusVR/Content/Materials/OculusMR_ChromaKey.uasset" 425
"../../Plugins/Runtime/Oculus/OculusVR/Content/Materials/OculusMR_ChromaKey_Lit.uasset" 426
"../../Plugins/Runtime/Oculus/OculusVR/Content/Materials/OculusMR_OpaqueColoredMaterial.uasset" 427
"../../Plugins/Runtime/Oculus/OculusVR/Content/Materials/OculusMR_WhiteMaterial.uasset" 428
"../../../Engine/Content/Maps/Entry_BuiltData.uasset" 429
"../../../Engine/Content/Maps/Entry.umap" 430
"../../../../../Uni Work/Game Project/FinalYearProject/Content/FirstPerson/Character/Mesh/SK_Mannequin_Arms_Skeleton.uasset" 431
"../../../../../Uni Work/Game Project/FinalYearProject/Content/FirstPerson/Animations/FirstPerson_Idle.uasset" 432
"../../../../../Uni Work/Game Project/FinalYearProject/Content/FirstPerson/Animations/FirstPerson_JumpEnd.uasset" 433
"../../../../../Uni Work/Game Project/FinalYearProject/Content/FirstPerson/Animations/FirstPerson_JumpLoop.uasset" 434
"../../../../../Uni Work/Game Project/FinalYearProject/Content/FirstPerson/Animations/FirstPerson_JumpStart.uasset" 435
"../../../../../Uni Work/Game Project/FinalYearProject/Content/FirstPerson/Animations/FirstPerson_Run.uasset" 436
"../../../Engine/Content/EditorBlueprintResources/StandardMacros.uasset" 437
"../../../../../Uni Work/Game Project/FinalYearProject/Content/FirstPerson/Animations/FirstPerson_AnimBP.uasset" 438
"../../../../../Uni Work/Game Project/FinalYearProject/Content/FirstPerson/Animations/FirstPerson_Fire.uasset" 439
"../../../../../Uni Work/Game Project/FinalYearProject/Content/FirstPerson/Animations/FirstPersonFire_Montage.uasset" 440
"../../../../../Uni Work/Game Project/FinalYearProject/Content/FirstPerson/Meshes/BaseMaterial.uasset" 441
"../../../../../Uni Work/Game Project/FinalYearProject/Content/FirstPerson/Meshes/FirstPersonProjectileMaterial.uasset" 442
"../../../../../Uni Work/Game Project/FinalYearProject/Content/FirstPerson/Meshes/FirstPersonProjectileMesh.uasset" 443
"../../../../../Uni Work/Game Project/FinalYearProject/Content/FirstPersonCPP/Blueprints/FirstPersonProjectile.uasset" 444
"../../../../../Uni Work/Game Project/FinalYearProject/Content/FirstPerson/Audio/FirstPersonTemplateWeaponFire02.uasset" 445
"../../../Engine/Content/Functions/Engine_MaterialFunctions02/Utility/BlendAngleCorrectedNormals.uasset" 446
"../../../Engine/Content/Functions/MaterialLayerFunctions/MatLayerBlend_NormalBlend.uasset" 447
"../../../Engine/Content/Functions/MaterialLayerFunctions/MatLayerBlend_Simple.uasset" 448
"../../../../../Uni Work/Game Project/FinalYearProject/Content/FirstPerson/Character/Materials/MaterialLayers/T_ML_Rubber_Blue_01_D.uasset" 449
"../../../../../Uni Work/Game Project/FinalYearProject/Content/FirstPerson/Character/Materials/MaterialLayers/T_ML_Rubber_Blue_01_N.uasset" 450
"../../../../../Uni Work/Game Project/FinalYearProject/Content/FirstPerson/Character/Materials/MaterialLayers/ML_GlossyBlack_Latex_UE4.uasset" 451
"../../../../../Uni Work/Game Project/FinalYearProject/Content/FirstPerson/Character/Materials/MaterialLayers/ML_Plastic_Shiny_Beige.uasset" 452
"../../../../../Uni Work/Game Project/FinalYearProject/Content/FirstPerson/Character/Textures/UE4_LOGO_CARD.uasset" 453
"../../../../../Uni Work/Game Project/FinalYearProject/Content/FirstPerson/Character/Materials/MaterialLayers/ML_Plastic_Shiny_Beige_LOGO.uasset" 454
"../../../../../Uni Work/Game Project/FinalYearProject/Content/FirstPerson/Character/Materials/MaterialLayers/T_ML_Aluminum01.uasset" 455
"../../../../../Uni Work/Game Project/FinalYearProject/Content/FirstPerson/Character/Materials/MaterialLayers/T_ML_Aluminum01_N.uasset" 456
"../../../../../Uni Work/Game Project/FinalYearProject/Content/FirstPerson/Character/Materials/MaterialLayers/ML_SoftMetal_UE4.uasset" 457
"../../../../../Uni Work/Game Project/FinalYearProject/Content/FirstPerson/Character/Textures/UE4_Mannequin__normals.uasset" 458
"../../../../../Uni Work/Game Project/FinalYearProject/Content/FirstPerson/Character/Textures/UE4_Mannequin_MAT_MASKA.uasset" 459
"../../../../../Uni Work/Game Project/FinalYearProject/Content/FirstPerson/Character/Materials/M_UE4Man_Body.uasset" 460
"../../../../../Uni Work/Game Project/FinalYearProject/Content/FirstPerson/Character/Mesh/SK_Mannequin_Arms_PhysicsAsset.uasset" 461
"../../../../../Uni Work/Game Project/FinalYearProject/Content/FirstPerson/Character/Mesh/SK_Mannequin_Arms.uasset" 462
"../../../../../Uni Work/Game Project/FinalYearProject/Content/FirstPerson/FPWeapon/Materials/MaterialLayers/T_ML_Rubber_Blue_01_D.uasset" 463
"../../../../../Uni Work/Game Project/FinalYearProject/Content/FirstPerson/FPWeapon/Materials/MaterialLayers/T_ML_Rubber_Blue_01_N.uasset" 464
"../../../../../Uni Work/Game Project/FinalYearProject/Content/FirstPerson/FPWeapon/Materials/MaterialLayers/ML_GlossyBlack_Latex_UE4.uasset" 465
"../../../../../Uni Work/Game Project/FinalYearProject/Content/FirstPerson/FPWeapon/Materials/MaterialLayers/ML_Plastic_Shiny_Beige.uasset" 466
"../../../../../Uni Work/Game Project/FinalYearProject/Content/FirstPerson/FPWeapon/Materials/MaterialLayers/ML_Screen.uasset" 467
"../../../../../Uni Work/Game Project/FinalYearProject/Content/FirstPerson/FPWeapon/Materials/MaterialLayers/T_ML_Aluminum01.uasset" 468
"../../../../../Uni Work/Game Project/FinalYearProject/Content/FirstPerson/FPWeapon/Materials/MaterialLayers/T_ML_Aluminum01_N.uasset" 469
"../../../../../Uni Work/Game Project/FinalYearProject/Content/FirstPerson/FPWeapon/Materials/MaterialLayers/ML_SoftMetal_UE4.uasset" 470
"../../../../../Uni Work/Game Project/FinalYearProject/Content/FirstPerson/FPWeapon/Textures/T_FPGun_M.uasset" 471
"../../../../../Uni Work/Game Project/FinalYearProject/Content/FirstPerson/FPWeapon/Textures/T_FPGun_N.uasset" 472
"../../../../../Uni Work/Game Project/FinalYearProject/Content/FirstPerson/FPWeapon/Materials/M_FPGun.uasset" 473
"../../../../../Uni Work/Game Project/FinalYearProject/Content/FirstPerson/FPWeapon/Mesh/SK_FPGun_Skeleton.uasset" 474
"../../../../../Uni Work/Game Project/FinalYearProject/Content/FirstPerson/FPWeapon/Mesh/SK_FPGun.uasset" 475
"../../../../../Uni Work/Game Project/FinalYearProject/Content/FirstPersonCPP/Blueprints/FirstPersonCharacter.uasset" 476
"../../../Engine/Content/EngineSky/C_Sky_Cloud_Color.uasset" 477
"../../../Engine/Content/EngineSky/C_Sky_Horizon_Color.uasset" 478
"../../../Engine/Content/EngineSky/C_Sky_Zenith_Color.uasset" 479
"../../../Engine/Content/EngineSky/T_Sky_Blue.uasset" 480
"../../../Engine/Content/EngineSky/T_Sky_Clouds_M.uasset" 481
"../../../Engine/Content/EngineSky/T_Sky_Stars.uasset" 482
"../../../Engine/Content/EngineSky/M_Sky_Panning_Clouds2.uasset" 483
"../../../Engine/Content/EngineSky/SM_SkySphere.uasset" 484
"../../../Engine/Content/EngineSky/BP_Sky_Sphere.uasset" 485
"../../../../../Uni Work/Game Project/FinalYearProject/Content/FirstPerson/Blueprints/SkySphereTOD.uasset" 486
"../../../../../Uni Work/Game Project/FinalYearProject/Content/FirstPersonCPP/Maps/Game_BuiltData.uasset" 487
"../../../../../Uni Work/Game Project/FinalYearProject/Content/Geometry/Meshes/Grass.uasset" 488
"../../../../../Uni Work/Game Project/FinalYearProject/Content/Geometry/Meshes/Mailbox.uasset" 489
"../../../../../Uni Work/Game Project/FinalYearProject/Content/Geometry/Meshes/Merged_Barn.uasset" 490
"../../../../../Uni Work/Game Project/FinalYearProject/Content/Geometry/Meshes/Merged_Fences.uasset" 491
"../../../../../Uni Work/Game Project/FinalYearProject/Content/LowPolyFarm/Meshes/Buildings/Mesh_Buildings_Door_02.uasset" 492
"../../../../../Uni Work/Game Project/FinalYearProject/Content/LowPolyFarm/Meshes/Buildings/Mesh_Buildings_House_04.uasset" 493
"../../../../../Uni Work/Game Project/FinalYearProject/Content/LowPolyFarm/Meshes/Landscape/Mesh_Landscape_Mountain_01.uasset" 494
"../../../../../Uni Work/Game Project/FinalYearProject/Content/LowPolyFarm/Meshes/Landscape/Mesh_Landscape_Mountain_02.uasset" 495
"../../../../../Uni Work/Game Project/FinalYearProject/Content/LowPolyFarm/Meshes/Landscape/Mesh_Landscape_Pond_01.uasset" 496
"../../../../../Uni Work/Game Project/FinalYearProject/Content/LowPolyFarm/Meshes/Landscape/Mesh_Landscape_Terrain_01.uasset" 497
"../../../../../Uni Work/Game Project/FinalYearProject/Content/LowPolyFarm/Meshes/Landscape/Mesh_Landscape_Terrain_10.uasset" 498
"../../../../../Uni Work/Game Project/FinalYearProject/Content/LowPolyFarm/Meshes/Nature/Mesh_Nature_Grass_01.uasset" 499
"../../../../../Uni Work/Game Project/FinalYearProject/Content/LowPolyFarm/Meshes/Nature/Mesh_Nature_Grass_02.uasset" 500
"../../../../../Uni Work/Game Project/FinalYearProject/Content/LowPolyFarm/Meshes/Nature/Mesh_Nature_Tree_01.uasset" 501
"../../../../../Uni Work/Game Project/FinalYearProject/Content/LowPolyFarm/Meshes/Nature/Mesh_Nature_Tree_02.uasset" 502
"../../../../../Uni Work/Game Project/FinalYearProject/Content/LowPolyFarm/Meshes/Props/Mesh_Props_Barrel_03.uasset" 503
"../../../../../Uni Work/Game Project/FinalYearProject/Content/LowPolyFarm/Meshes/Props/Mesh_Props_Basket_01.uasset" 504
"../../../../../Uni Work/Game Project/FinalYearProject/Content/LowPolyFarm/Meshes/Props/Mesh_Props_Dryer_01.uasset" 505
"../../../../../Uni Work/Game Project/FinalYearProject/Content/FirstPersonCPP/Maps/Game.umap" 506
